<?xml version="1.0" encoding="UTF-8"?>
<testsuite xmlns:xsi="http://www.w3.org/2001/XMLSchema-instance" xsi:noNamespaceSchemaLocation="https://maven.apache.org/surefire/maven-surefire-plugin/xsd/surefire-test-report.xsd" version="3.0.2" name="com.unique.examine.generator.cli.BaseManageGenerationContractTest" time="1.584" tests="1" errors="0" skipped="0" failures="0">
  <properties>
[...]
</properties>
  <testcase name="generatesOnlyTableShapedBasePersistenceForP1FoundationTables" classname="com.unique.examine.generator.cli.BaseManageGenerationContractTest" time="1.561">
    <system-out><![CDATA[Generator executed: module=generated-foundation prefix=foundation_ tables=15 report=C:\Users\ADMINI~1\AppData\Local\Temp\junit-6539432797790208991\backend\generator-reports\generated-foundation-foundation_.json
Generator executed: module=generated-foundation prefix=foundation_ tables=15 report=C:\Users\ADMINI~1\AppData\Local\Temp\junit-6539432797790208991\backend\generator-reports\generated-foundation-foundation_.json
]]></system-out>
  </testcase>
</testsuite>