<?xml version="1.0" encoding="UTF-8"?>
<testsuite xmlns:xsi="http://www.w3.org/2001/XMLSchema-instance" xsi:noNamespaceSchemaLocation="https://maven.apache.org/surefire/maven-surefire-plugin/xsd/surefire-test-report.xsd" version="3.0.2" name="com.unique.examine.web.P1RegistrationCycleIntegrationTest" time="41.42" tests="1" errors="0" skipped="0" failures="0">
  <properties>
[...]
</properties>
  <testcase name="registrationCommitReplayConflictsRollbackAndConcurrency(CapturedOutput)" classname="com.unique.examine.web.P1RegistrationCycleIntegrationTest" time="6.016">
    <system-out><![CDATA[22:02:01.518 [main] INFO org.testcontainers.images.PullPolicy -- Image pull policy will be performed by: DefaultPullPolicy()
22:02:01.523 [main] INFO org.testcontainers.utility.ImageNameSubstitutor -- Image name substitution will be performed by: DefaultImageNameSubstitutor (composite of 'ConfigurationFileImageNameSubstitutor' and 'PrefixingImageNameSubstitutor')
22:02:01.583 [main] INFO org.testcontainers.DockerClientFactory -- Testcontainers version: 1.21.4
22:02:01.815 [main] INFO org.testcontainers.dockerclient.DockerClientProviderStrategy -- Loaded org.testcontainers.dockerclient.NpipeSocketClientProviderStrategy from ~/.testcontainers.properties, will try it first
22:02:02.206 [main] INFO org.testcontainers.dockerclient.DockerClientProviderStrategy -- Found Docker environment with local Npipe socket (npipe:////./pipe/docker_engine)
22:02:02.208 [main] INFO org.testcontainers.DockerClientFactory -- Docker host IP address is localhost
22:02:02.231 [main] INFO org.testcontainers.DockerClientFactory -- Connected to docker: 
  Server Version: 29.6.1
  API Version: 1.55
  Operating System: Docker Desktop
  Total Memory: 15941 MB
  Labels: 
    com.docker.desktop.address=npipe://\\.\pipe\docker_cli
22:02:02.444 [main] INFO tc.testcontainers/ryuk:0.12.0 -- Creating container for image: testcontainers/ryuk:0.12.0
22:02:02.637 [main] INFO org.testcontainers.utility.RegistryAuthLocator -- Credential helper/store (docker-credential-desktop) does not have credentials for https://index.docker.io/v1/
22:02:02.807 [main] INFO tc.testcontainers/ryuk:0.12.0 -- Container testcontainers/ryuk:0.12.0 is starting: 8a8730ffd0b4d1dc8f31c3d839d64cf54c5fb92f9325fdec036c0bd96800cfc8
22:02:03.480 [main] INFO tc.testcontainers/ryuk:0.12.0 -- Container testcontainers/ryuk:0.12.0 started in PT1.0361282S
22:02:03.493 [main] INFO org.testcontainers.utility.RyukResourceReaper -- Ryuk started - will monitor and terminate Testcontainers containers on JVM exit
22:02:03.493 [main] INFO org.testcontainers.DockerClientFactory -- Checking the system...
22:02:03.494 [main] INFO org.testcontainers.DockerClientFactory -- ✔︎ Docker server version should be at least 1.6.0
22:02:03.501 [main] INFO tc.mysql:8.4.10 -- Creating container for image: mysql:8.4.10
22:02:03.760 [main] INFO tc.mysql:8.4.10 -- Container mysql:8.4.10 is starting: b80fd029beef6adec96207034fa3a5bf31283b3a93925b060390cc03f7e9afb6
22:02:04.333 [main] INFO tc.mysql:8.4.10 -- Waiting for database connection to become available at jdbc:mysql://localhost:62852/examine2_p1_registration_cycle using query 'SELECT 1'
22:02:16.326 [main] INFO tc.mysql:8.4.10 -- Container mysql:8.4.10 started in PT12.8243261S
22:02:16.326 [main] INFO tc.mysql:8.4.10 -- Container is started (JDBC URL: jdbc:mysql://localhost:62852/examine2_p1_registration_cycle)
22:02:16.326 [main] INFO tc.redis:7.4-alpine -- Creating container for image: redis:7.4-alpine
22:02:16.408 [main] INFO tc.redis:7.4-alpine -- Container redis:7.4-alpine is starting: c104afbefdec7b30c64cab83e02648a734e83e99f92183bb2cb6d2d8fe5da1b0
22:02:16.859 [main] INFO tc.redis:7.4-alpine -- Container redis:7.4-alpine started in PT0.5326948S
Standard Commons Logging discovery in action with spring-jcl: please remove commons-logging.jar from classpath in order to avoid potential conflicts
22:02:17.498 [main] INFO org.springframework.boot.test.context.SpringBootTestContextBootstrapper -- Found @SpringBootConfiguration com.unique.examine.web.ExamineApplication for test class com.unique.examine.web.P1RegistrationCycleIntegrationTest

  .   ____          _            __ _ _
 /\\ / ___'_ __ _ _(_)_ __  __ _ \ \ \ \
( ( )\___ | '_ | '_| | '_ \/ _` | \ \ \ \
 \\/  ___)| |_)| | | | | || (_| |  ) ) ) )
  '  |____| .__|_| |_|_| |_\__, | / / / /
 =========|_|==============|___/=/_/_/_/

 :: Spring Boot ::               (v3.5.16)

2026-08-10T22:02:18.608+08:00  INFO requestId= traceId= 13568 --- [examine2] [           main] u.e.w.P1RegistrationCycleIntegrationTest : Starting P1RegistrationCycleIntegrationTest using Java 21.0.11 with PID 13568 (started by Administrator in D:\workspace\01_project\snow\cursor\examine2\backend\examine-web)
2026-08-10T22:02:18.610+08:00  INFO requestId= traceId= 13568 --- [examine2] [           main] u.e.w.P1RegistrationCycleIntegrationTest : The following 2 profiles are active: "vnext", "p1-registration-failure-test"
2026-08-10T22:02:21.667+08:00  INFO requestId= traceId= 13568 --- [examine2] [           main] .s.d.r.c.RepositoryConfigurationDelegate : Multiple Spring Data modules found, entering strict repository configuration mode
2026-08-10T22:02:21.672+08:00  INFO requestId= traceId= 13568 --- [examine2] [           main] .s.d.r.c.RepositoryConfigurationDelegate : Bootstrapping Spring Data Redis repositories in DEFAULT mode.
2026-08-10T22:02:21.747+08:00  INFO requestId= traceId= 13568 --- [examine2] [           main] .s.d.r.c.RepositoryConfigurationDelegate : Finished Spring Data repository scanning in 47 ms. Found 0 Redis repository interfaces.
2026-08-10T22:02:22.974+08:00  WARN requestId= traceId= 13568 --- [examine2] [           main] io.undertow.websockets.jsr               : UT026010: Buffer pool was not set on WebSocketDeploymentInfo, the default pool will be used
2026-08-10T22:02:23.013+08:00  INFO requestId= traceId= 13568 --- [examine2] [           main] io.undertow.servlet                      : Initializing Spring embedded WebApplicationContext
2026-08-10T22:02:23.013+08:00  INFO requestId= traceId= 13568 --- [examine2] [           main] w.s.c.ServletWebServerApplicationContext : Root WebApplicationContext: initialization completed in 4378 ms
2026-08-10T22:02:26.260+08:00  INFO requestId= traceId= 13568 --- [examine2] [           main] com.zaxxer.hikari.HikariDataSource       : HikariPool-1 - Starting...
2026-08-10T22:02:26.419+08:00  INFO requestId= traceId= 13568 --- [examine2] [           main] com.zaxxer.hikari.pool.HikariPool        : HikariPool-1 - Added connection com.mysql.cj.jdbc.ConnectionImpl@299a0651
2026-08-10T22:02:26.421+08:00  INFO requestId= traceId= 13568 --- [examine2] [           main] com.zaxxer.hikari.HikariDataSource       : HikariPool-1 - Start completed.
2026-08-10T22:02:26.475+08:00  INFO requestId= traceId= 13568 --- [examine2] [           main] org.flywaydb.core.FlywayExecutor         : Database: jdbc:mysql://localhost:62852/examine2_p1_registration_cycle (MySQL 8.4)
2026-08-10T22:02:26.598+08:00  WARN requestId= traceId= 13568 --- [examine2] [           main] o.f.c.internal.database.base.Database    : Flyway upgrade recommended: MySQL 8.4 is newer than this version of Flyway and support has not been tested. The latest supported version of MySQL is 8.1.
2026-08-10T22:02:26.643+08:00  INFO requestId= traceId= 13568 --- [examine2] [           main] o.f.c.i.s.JdbcTableSchemaHistory         : Schema history table `examine2_p1_registration_cycle`.`flyway_schema_history` does not exist yet
2026-08-10T22:02:26.649+08:00  INFO requestId= traceId= 13568 --- [examine2] [           main] o.f.core.internal.command.DbValidate     : Successfully validated 1 migration (execution time 00:00.031s)
2026-08-10T22:02:26.695+08:00  INFO requestId= traceId= 13568 --- [examine2] [           main] o.f.c.i.s.JdbcTableSchemaHistory         : Creating Schema History table `examine2_p1_registration_cycle`.`flyway_schema_history` ...
2026-08-10T22:02:26.800+08:00  INFO requestId= traceId= 13568 --- [examine2] [           main] o.f.core.internal.command.DbMigrate      : Current version of schema `examine2_p1_registration_cycle`: << Empty Schema >>
2026-08-10T22:02:26.842+08:00  INFO requestId= traceId= 13568 --- [examine2] [           main] o.f.core.internal.command.DbMigrate      : Migrating schema `examine2_p1_registration_cycle` to version "1.0.0 - foundation identity system context"
2026-08-10T22:02:27.662+08:00  INFO requestId= traceId= 13568 --- [examine2] [           main] o.f.core.internal.command.DbMigrate      : Successfully applied 1 migration to schema `examine2_p1_registration_cycle`, now at version v1.0.0 (execution time 00:00.770s)
2026-08-10T22:02:34.044+08:00  INFO requestId= traceId= 13568 --- [examine2] [           main] m.e.s.MybatisPlusApplicationContextAware : Register ApplicationContext instances org.springframework.boot.web.servlet.context.AnnotationConfigServletWebServerApplicationContext@58a765ce
2026-08-10T22:02:34.406+08:00  INFO requestId= traceId= 13568 --- [examine2] [           main] o.s.b.a.e.web.EndpointLinksResolver      : Exposing 2 endpoints beneath base path '/management'
2026-08-10T22:02:34.495+08:00  WARN requestId= traceId= 13568 --- [examine2] [           main] c.b.m.core.metadata.TableInfoHelper      : Can not find table primary key in Class: "com.unique.examine.openapi.base.entity.OpenApiNonceEntity".
2026-08-10T22:02:34.496+08:00  WARN requestId= traceId= 13568 --- [examine2] [           main] c.b.m.core.injector.DefaultSqlInjector   : class com.unique.examine.openapi.base.entity.OpenApiNonceEntity ,Not found @TableId annotation, Cannot use Mybatis-Plus 'xxById' Method.
2026-08-10T22:02:34.507+08:00  WARN requestId= traceId= 13568 --- [examine2] [           main] c.b.m.core.metadata.TableInfoHelper      : Can not find table primary key in Class: "com.unique.examine.openapi.base.entity.OpenApiRateBucketEntity".
2026-08-10T22:02:34.507+08:00  WARN requestId= traceId= 13568 --- [examine2] [           main] c.b.m.core.injector.DefaultSqlInjector   : class com.unique.examine.openapi.base.entity.OpenApiRateBucketEntity ,Not found @TableId annotation, Cannot use Mybatis-Plus 'xxById' Method.
2026-08-10T22:02:34.738+08:00  INFO requestId= traceId= 13568 --- [examine2] [           main] io.undertow                              : starting server: Undertow - 2.3.24.Final
2026-08-10T22:02:34.754+08:00  INFO requestId= traceId= 13568 --- [examine2] [           main] org.xnio                                 : XNIO version 3.8.16.Final
2026-08-10T22:02:34.769+08:00  INFO requestId= traceId= 13568 --- [examine2] [           main] org.xnio.nio                             : XNIO NIO Implementation Version 3.8.16.Final
2026-08-10T22:02:34.897+08:00  INFO requestId= traceId= 13568 --- [examine2] [           main] org.jboss.threads                        : JBoss Threads version 3.7.0.Final
2026-08-10T22:02:34.994+08:00  INFO requestId= traceId= 13568 --- [examine2] [           main] o.s.b.w.e.undertow.UndertowWebServer     : Undertow started on port 58805 (http) with context path '/'
2026-08-10T22:02:35.013+08:00  INFO requestId= traceId= 13568 --- [examine2] [           main] u.e.w.P1RegistrationCycleIntegrationTest : Started P1RegistrationCycleIntegrationTest in 16.941 seconds (process running for 34.298)
2026-08-10T22:02:35.052+08:00  WARN requestId= traceId= 13568 --- [examine2] [           main] o.f.c.internal.database.base.Database    : Flyway upgrade recommended: MySQL 8.4 is newer than this version of Flyway and support has not been tested. The latest supported version of MySQL is 8.1.
2026-08-10T22:02:36.198+08:00  INFO requestId= traceId= 13568 --- [examine2] [  XNIO-1 task-2] io.undertow.servlet                      : Initializing Spring DispatcherServlet 'dispatcherServlet'
2026-08-10T22:02:36.199+08:00  INFO requestId= traceId= 13568 --- [examine2] [  XNIO-1 task-2] o.s.web.servlet.DispatcherServlet        : Initializing Servlet 'dispatcherServlet'
2026-08-10T22:02:36.201+08:00  INFO requestId= traceId= 13568 --- [examine2] [  XNIO-1 task-2] o.s.web.servlet.DispatcherServlet        : Completed initialization in 2 ms
]]></system-out>
  </testcase>
</testsuite>